\BOOKMARK [1][-]{section.1}{\376\377\000I\000n\000t\000r\000o\000d\000u\000c\000t\000i\000o\000n}{}% 1
\BOOKMARK [2][-]{subsection.1.1}{\376\377\000T\000e\000r\000m\000i\000n\000o\000l\000o\000g\000y}{section.1}% 2
\BOOKMARK [2][-]{subsection.1.2}{\376\377\000I\000m\000p\000l\000e\000m\000e\000n\000t\000a\000t\000i\000o\000n\000\040\000s\000p\000e\000c\000i\000f\000i\000c\000\040\000p\000a\000r\000a\000m\000e\000t\000e\000r\000s}{section.1}% 3
\BOOKMARK [1][-]{section.2}{\376\377\000I\000S\000A\000\040\000m\000o\000d\000u\000l\000e\000s\000\040\000l\000i\000s\000t}{}% 4
\BOOKMARK [1][-]{section.3}{\376\377\000L\000o\000w\000-\000l\000e\000v\000e\000l\000\040\000d\000a\000t\000a\000\040\000t\000y\000p\000e\000s}{}% 5
\BOOKMARK [2][-]{subsection.3.1}{\376\377\000I\000n\000t\000e\000g\000e\000r\000\040\000t\000y\000p\000e\000s}{section.3}% 6
\BOOKMARK [2][-]{subsection.3.2}{\376\377\000F\000l\000o\000a\000t\000i\000n\000g\000\040\000p\000o\000i\000n\000t\000\040\000t\000y\000p\000e\000s}{section.3}% 7
\BOOKMARK [1][-]{section.4}{\376\377\000M\000e\000m\000o\000r\000y}{}% 8
\BOOKMARK [2][-]{subsection.4.1}{\376\377\000D\000a\000t\000a\000\040\000a\000l\000i\000g\000n\000m\000e\000n\000t}{section.4}% 9
\BOOKMARK [2][-]{subsection.4.2}{\376\377\000S\000y\000n\000c\000h\000r\000o\000n\000i\000z\000a\000t\000i\000o\000n}{section.4}% 10
\BOOKMARK [2][-]{subsection.4.3}{\376\377\000C\000o\000h\000e\000r\000e\000n\000c\000e}{section.4}% 11
\BOOKMARK [2][-]{subsection.4.4}{\376\377\000C\000o\000n\000s\000i\000s\000t\000e\000n\000c\000y}{section.4}% 12
\BOOKMARK [1][-]{section.5}{\376\377\000I\000n\000p\000u\000t\000\040\000O\000u\000t\000p\000u\000t}{}% 13
\BOOKMARK [2][-]{subsection.5.1}{\376\377\000M\000e\000m\000o\000r\000y\000\040\000m\000a\000p\000p\000e\000d\000\040\000I\000O}{section.5}% 14
\BOOKMARK [2][-]{subsection.5.2}{\376\377\000D\000i\000r\000e\000c\000t\000\040\000m\000e\000m\000o\000r\000y\000\040\000a\000c\000c\000e\000s\000s}{section.5}% 15
\BOOKMARK [1][-]{section.6}{\376\377\000E\000v\000e\000n\000t\000s}{}% 16
\BOOKMARK [2][-]{subsection.6.1}{\376\377\000S\000y\000n\000c\000h\000r\000o\000n\000o\000u\000s\000\040\000e\000v\000e\000n\000t\000s}{section.6}% 17
\BOOKMARK [2][-]{subsection.6.2}{\376\377\000A\000s\000y\000n\000c\000h\000r\000o\000n\000o\000u\000s\000\040\000e\000v\000e\000n\000t\000s}{section.6}% 18
\BOOKMARK [2][-]{subsection.6.3}{\376\377\000E\000v\000e\000n\000t\000\040\000m\000o\000d\000u\000l\000e\000s\000\040\000r\000e\000q\000u\000i\000r\000e\000m\000e\000n\000t\000s}{section.6}% 19
\BOOKMARK [2][-]{subsection.6.4}{\376\377\000E\000v\000e\000n\000t\000\040\000h\000a\000n\000d\000l\000i\000n\000g}{section.6}% 20
\BOOKMARK [2][-]{subsection.6.5}{\376\377\000D\000o\000u\000b\000l\000e\000\040\000f\000a\000u\000l\000t}{section.6}% 21
\BOOKMARK [1][-]{section.7}{\376\377\000O\000S\000\040\000s\000u\000p\000p\000o\000r\000t}{}% 22
\BOOKMARK [2][-]{subsection.7.1}{\376\377\000S\000u\000p\000e\000r\000v\000i\000s\000o\000r\000\040\000m\000o\000d\000e}{section.7}% 23
\BOOKMARK [2][-]{subsection.7.2}{\376\377\000V\000i\000r\000t\000u\000a\000l\000\040\000m\000e\000m\000o\000r\000y}{section.7}% 24
\BOOKMARK [2][-]{subsection.7.3}{\376\377\000H\000a\000r\000d\000w\000a\000r\000e\000\040\000t\000h\000r\000e\000a\000d\000\040\000c\000o\000m\000m\000u\000n\000i\000c\000a\000t\000i\000o\000n}{section.7}% 25
\BOOKMARK [1][-]{section.8}{\376\377\000I\000S\000A\000\040\000s\000p\000e\000c\000i\000f\000i\000c\000a\000t\000i\000o\000n}{}% 26
\BOOKMARK [2][-]{subsection.8.1}{\376\377\000R\000e\000g\000i\000s\000t\000e\000r\000\040\000f\000i\000l\000e}{section.8}% 27
\BOOKMARK [3][-]{subsubsection.8.1.1}{\376\377\000R\000e\000g\000i\000s\000t\000e\000r\000\040\000A\000B\000I}{subsection.8.1}% 28
\BOOKMARK [3][-]{subsubsection.8.1.2}{\376\377\000S\000p\000e\000c\000i\000a\000l\000\040\000p\000u\000r\000p\000o\000s\000e\000\040\000r\000e\000g\000i\000s\000t\000e\000r\000\040\000b\000a\000n\000k}{subsection.8.1}% 29
\BOOKMARK [3][-]{subsubsection.8.1.3}{\376\377\000P\000r\000o\000c\000e\000s\000s\000o\000r\000\040\000o\000p\000e\000r\000a\000t\000i\000n\000g\000\040\000m\000o\000d\000e\000s}{subsection.8.1}% 30
\BOOKMARK [3][-]{subsubsection.8.1.4}{\376\377\000H\000e\000l\000p\000e\000r\000\040\000r\000e\000g\000i\000s\000t\000e\000r\000\040\000b\000a\000n\000k}{subsection.8.1}% 31
\BOOKMARK [3][-]{subsubsection.8.1.5}{\376\377\000D\000e\000b\000u\000g\000g\000i\000n\000g\000\040\000a\000n\000d\000\040\000P\000e\000r\000f\000o\000r\000m\000a\000n\000c\000e\000\040\000m\000e\000a\000s\000u\000r\000e\000m\000e\000n\000t\000\040\000m\000o\000d\000u\000l\000e\000s}{subsection.8.1}% 32
\BOOKMARK [2][-]{subsection.8.2}{\376\377\000I\000n\000s\000t\000r\000u\000c\000t\000i\000o\000n\000\040\000f\000o\000r\000m\000a\000t\000s}{section.8}% 33
\BOOKMARK [2][-]{subsection.8.3}{\376\377\000D\000e\000c\000o\000d\000i\000n\000g\000\040\000g\000u\000i\000d\000e\000l\000i\000n\000e\000s}{section.8}% 34
\BOOKMARK [3][-]{subsubsection.8.3.1}{\376\377\000O\000p\000c\000o\000d\000e\000\040\000e\000x\000t\000r\000a\000c\000t\000i\000o\000n}{subsection.8.3}% 35
\BOOKMARK [3][-]{subsubsection.8.3.2}{\376\377\000M\000i\000c\000r\000o\000-\000o\000p\000e\000r\000a\000t\000i\000o\000n\000\040\000f\000o\000r\000m\000a\000t}{subsection.8.3}% 36
\BOOKMARK [1][-]{section.9}{\376\377\000I\000n\000s\000t\000r\000u\000c\000t\000i\000o\000n\000\040\000l\000i\000s\000t}{}% 37
\BOOKMARK [2][-]{subsection.9.1}{\376\377\000C\000o\000m\000p\000u\000t\000a\000t\000i\000o\000n\000a\000l\000-\000i\000n\000t\000e\000g\000e\000r\000-\000s\000c\000a\000l\000a\000r\000-\000b\000a\000s\000i\000c}{section.9}% 38
\BOOKMARK [2][-]{subsection.9.2}{\376\377\000D\000a\000t\000a\000\040\000t\000r\000a\000n\000s\000f\000e\000r\000\040\000i\000n\000s\000t\000r\000u\000c\000t\000i\000o\000n\000s}{section.9}% 39
\BOOKMARK [2][-]{subsection.9.3}{\376\377\000C\000o\000n\000t\000r\000o\000l\000\040\000t\000r\000a\000n\000s\000f\000e\000r\000\040\000i\000n\000s\000t\000r\000u\000c\000t\000i\000o\000n\000s}{section.9}% 40
\BOOKMARK [2][-]{subsection.9.4}{\376\377\000S\000y\000s\000t\000e\000m\000\040\000i\000n\000s\000t\000r\000u\000c\000t\000i\000o\000n\000s}{section.9}% 41
\BOOKMARK [1][-]{section.10}{\376\377\000M\000a\000c\000r\000o\000-\000o\000p\000\040\000f\000u\000s\000i\000o\000n}{}% 42
\BOOKMARK [1][-]{section.11}{\376\377\000L\000i\000c\000e\000n\000s\000e\000\040\000a\000n\000d\000\040\000c\000h\000a\000n\000g\000e\000l\000o\000g}{}% 43
